<?xml version="1.0" encoding="UTF-8"?>
<!-- Generated by org.testng.reporters.JUnitReportReporter -->
<testsuite skipped="0" hostname="b93376c57ca4" name="demoTests.Searchducktest" tests="5" failures="0" timestamp="26 May 2020 07:10:41 GMT" time="74.895" errors="0">
  <testcase name="search" time="15.744" classname="demoTests.Searchducktest"/>
  <testcase name="search" time="14.442" classname="demoTests.Searchducktest"/>
  <testcase name="search" time="16.017" classname="demoTests.Searchducktest"/>
  <testcase name="search" time="14.733" classname="demoTests.Searchducktest"/>
  <testcase name="search" time="13.959" classname="demoTests.Searchducktest"/>
</testsuite> <!-- demoTests.Searchducktest -->
