<?xml version="1.0" encoding="UTF-8"?>
<!-- Generated by org.testng.reporters.JUnitReportReporter -->
<testsuite skipped="0" hostname="8c99f956b97d" name="tests.CofaceTests" tests="1" failures="0" timestamp="26 May 2020 07:10:01 GMT" time="30.844" errors="0">
  <testcase name="cofaceAddScoringInquiry" time="30.844" classname="tests.CofaceTests"/>
</testsuite> <!-- tests.CofaceTests -->
