<?xml version="1.0" encoding="UTF-8"?>
<!-- Generated by org.testng.reporters.JUnitReportReporter -->
<testsuite skipped="0" hostname="20450084387a" name="demoTests.Searchducktest" tests="4" failures="0" timestamp="21 Nov 2019 11:33:22 GMT" time="52.742" errors="0">
  <testcase name="search" time="13.041" classname="demoTests.Searchducktest"/>
  <testcase name="search" time="13.106" classname="demoTests.Searchducktest"/>
  <testcase name="search" time="13.342" classname="demoTests.Searchducktest"/>
  <testcase name="search" time="13.253" classname="demoTests.Searchducktest"/>
</testsuite> <!-- demoTests.Searchducktest -->
