<?xml version="1.0" encoding="UTF-8"?>
<!-- Generated by org.testng.reporters.JUnitReportReporter -->
<testsuite skipped="0" hostname="c02wp1vphtdd-c" name="demoTests.Searchducktest" tests="4" failures="0" timestamp="06 May 2020 11:01:04 GMT" time="53.403" errors="0">
  <testcase name="search" time="13.770" classname="demoTests.Searchducktest"/>
  <testcase name="search" time="13.800" classname="demoTests.Searchducktest"/>
  <testcase name="search" time="12.962" classname="demoTests.Searchducktest"/>
  <testcase name="search" time="12.871" classname="demoTests.Searchducktest"/>
</testsuite> <!-- demoTests.Searchducktest -->
