<?xml version="1.0" encoding="UTF-8"?>
<!-- Generated by org.testng.reporters.JUnitReportReporter -->
<testsuite skipped="0" hostname="fb9ea6c65041" name="tests.CofaceTests" tests="1" failures="0" timestamp="26 May 2020 07:07:26 GMT" time="40.124" errors="0">
  <testcase name="cofaceAddScoringInquiry" time="40.124" classname="tests.CofaceTests"/>
</testsuite> <!-- tests.CofaceTests -->
